
> fairbnb-backend@1.0.0 dev
> nodemon src/index.ts

[33m[nodemon] 3.1.10[39m
[33m[nodemon] to restart at any time, enter `rs`[39m
[33m[nodemon] watching path(s): *.*[39m
[33m[nodemon] watching extensions: ts,json[39m
[32m[nodemon] starting `ts-node index.ts src/index.ts`[39m
/Users/alok/Projects/Hackathons/fairbnb/backend/node_modules/ts-node/src/index.ts:859
    return new TSError(diagnosticText, diagnosticCodes, diagnostics);
           ^
TSError: тип Unable to compile TypeScript:
routes/fileRoutenode:events:496
      throw er; // Unhandled 'error' event
      ^

Error: read EIO
    at TTY.onStreamRead (node:internal/stream_base_commons:216:20)
Emitted 'error' event on ReadStream instance at:
    at emitErrorNT (node:internal/streams/destroy:170:8)
    at emitErrorCloseNT (node:internal/streams/destroy:129:3)
    at process.processTicksAndRejections (node:internal/process/task_queues:90:21) {
  errno: -5,
  code: 'EIO',
  syscall: 'read'
}

Node.js v22.11.0
uestHandler<ParamsDictionary, any, any, ParsedQs, Record<string, any>>'.
        Type 'Promise<Response<any, Record<string, any>> | undefined>' is not assignable to type 'void | Promise<void>'.
          Type 'Promise<Response<any, Record<string, any>> | undefined>' is not assignable to type 'Promise<void>'.
            node:events:496
      throw er; // Unhandled 'error' event
      ^

Error: read EIO
    at TTY.onStreamRead (node:internal/stream_base_commons:216:20)
Emitted 'error' event on ReadStream instance at:
    at emitErrorNT (node:internal/streams/destroy:170:8)
    at emitErrorCloseNT (node:internal/streams/destroy:129:3)
    at process.processTicksAndRejections (node:internal/process/task_queues:90:21) {
  errno: -5,
  code: 'EIO',
  syscall: 'read'
}

Node.js v22.11.0
<ParamsDictionary, any, any, ParsedQs, Record<string, any>>'.
      Type '(req: Request, res: Response) => Promise<Response<any, Record<string, any>> | undefined>' is not assignable to type 'RequestHandler<ParamsDictionary, any, any, ParsedQs, Record<string, any>>'.
        Type 'Promise<Response<any, Record<string, any>> | undefined>' is not assignable to type 'void | Promise<void>'.
          Type 'Promise<Response<any, Record<string, any>> | undefined>' is not assignable to type 'Promise<void>'.
            Type 'Response<any, Record<string, any>> | undefined' is not assignable to type 'void'.
              Type 'Response<any, Record<string, any>>' is not assignable to type 'void'.
routes/fileRoutes.ts(19,26): error TS2769: No overload matches this call.
  The last overload gave the following error.
    Argument of type '(req: Request, res: Response) => Promise<Response<any, Record<string, any>> | undefined>' is not assignable to parameter of type 'Application<Record<string, any>>'.
      Type '(req: Request<ParamsDictionary, any, any, ParsedQs, Record<string, any>>, res: Response<any, Record<string, any>>) => Promise<...>' is missing the following properties from type 'Application<Record<string, any>>': init, defaultConfiguration, engine, set, and 63 more.
routes/fileRoutes.ts(20,31): error TS2769: No overload matches this call.
  The last overload gave the following error.
    Argument of type '(req: Request, res: Response) => Promise<Response<any, Record<string, any>> | undefined>' is not assignable to parameter of type 'Application<Record<string, any>>'.
      Type '(req: Request<ParamsDictionary, any, any, ParsedQs, Record<string, any>>, res: Response<any, Record<string, any>>) => Promise<...>' is missing the following properties from type 'Application<Record<string, any>>': init, defaultConfiguration, engine, set, and 63 more.
routes/fileRoutes.ts(21,33): error TS2769: No overload matches this call.
  The last overload gave the following error.
    Argument of type '(req: Request, res: Response) => Promise<Response<any, Record<string, any>> | undefined>' is not assignable to parameter of type 'Application<Record<string, any>>'.
      Type '(req: Request<ParamsDictionary, any, any, ParsedQs, Record<string, any>>, res: Response<any, Record<string, any>>) => Promise<...>' is missing the following properties from type 'Application<Record<string, any>>': init, defaultConfiguration, engine, set, and 63 more.

    at createTSError (/Users/alok/Projects/Hackathons/fairbnb/backend/node_modules/ts-node/src/index.ts:859:12)
    at reportTSError (/Users/alok/Projects/Hackathons/fairbnb/backend/node_modules/ts-node/src/index.ts:863:19)
    at getOutput (/Users/alok/Projects/Hackathons/fairbnb/backend/node_modules/ts-node/src/index.ts:1077:36)
    at Object.compile (/Users/alok/Projects/Hackathons/fairbnb/backend/node_modules/ts-node/src/index.ts:1433:41)
    at Module.m._compile (/Users/alok/Projects/Hackathons/fairbnb/backend/node_modules/ts-node/src/index.ts:1617:30)
    at node:internal/modules/cjs/loader:1689:10
    at Object.require.extensions.<computed> [as .ts] (/Users/alok/Projects/Hackathons/fairbnb/backend/node_modules/ts-node/src/index.ts:1621:12)
    at Module.load (node:internal/modules/cjs/loader:1318:32)
    at Function._load (node:internal/modules/cjs/loader:1128:12)
    at TracingChannel.traceSync (node:diagnostics_channel:315:14) {
  diagnosticCodes: [ 2769, 2769, 2769, 2769, 2769 ]
}
[31m[nodemon] app crashed - waiting for file changes before starting...[39m
[32m[nodemon] restarting due to changes...[39m
[32m[nodemon] starting `ts-node index.ts src/index.ts`[39m
/Users/alok/Projects/Hackathons/fairbnb/backend/node_modules/ts-node/src/index.ts:859
    return new TSError(diagnosticText, diagnosticCodes, diagnostics);
           ^
TSError: тип Unable to compile TypeScript:
routes/fileRoutes.ts(15,47): error TS2769: No overload matches this call.
  The last overload gave the following error.
    Argument of type '(req: Request, res: Response) => Promise<Response<any, Record<string, any>> | undefined>' is not assignable to parameter of type 'RequestHandlerParams<ParamsDictionary, any, any, ParsedQs, Record<string, any>>'.
      Type '(req: Request, res: Response) => Promise<Response<any, Record<string, any>> | undefined>' is not assignable to type 'RequestHandler<ParamsDictionary, any, any, ParsedQs, Record<string, any>>'.
        Type 'Promise<Response<any, Record<string, any>> | undefined>' is not assignable to type 'void | Promise<void>'.
          Type 'Promise<Response<any, Record<string, any>> | undefined>' is not assignable to type 'Promise<void>'.
            Type 'Response<any, Record<string, any>> | undefined' is not assignable to type 'void'.
              Type 'Response<any, Record<string, any>>' is not assignable to type 'void'.
routes/fileRoutes.ts(16,60): error TS2769: No overload matches this call.
  The last overload gave the following error.
    Argument of type '(req: Request, res: Response) => Promise<Response<any, Record<string, any>> | undefined>' is not assignable to parameter of type 'RequestHandlerParams<ParamsDictionary, any, any, ParsedQs, Record<string, any>>'.
      Type '(req: Request, res: Response) => Promise<Response<any, Record<string, any>> | undefined>' is not assignable to type 'RequestHandler<ParamsDictionary, any, any, ParsedQs, Record<string, any>>'.
        Type 'Promise<Response<any, Record<string, any>> | undefined>' is not assignable to type 'void | Promise<void>'.
          Type 'Promise<Response<any, Record<string, any>> | undefined>' is not assignable to type 'Promise<void>'.
            Type 'Response<any, Record<string, any>> | undefined' is not assignable to type 'void'.
              Type 'Response<any, Record<string, any>>' is not assignable to type 'void'.
routes/fileRoutes.ts(19,26): error TS2769: No overload matches this call.
  The last overload gave the following error.
    Argument of type '(req: Request, res: Response) => Promise<Response<any, Record<string, any>> | undefined>' is not assignable to parameter of type 'Application<Record<string, any>>'.
      Type '(req: Request<ParamsDictionary, any, any, ParsedQs, Record<string, any>>, res: Response<any, Record<string, any>>) => Promise<...>' is missing the following properties from type 'Application<Record<string, any>>': init, defaultConfiguration, engine, set, and 63 more.
routes/fileRoutes.ts(20,31): error TS2769: No overload matches this call.
  The last overload gave the following error.
    Argument of type '(req: Request, res: Response) => Promise<Response<any, Record<string, any>> | undefined>' is not assignable to parameter of type 'Application<Record<string, any>>'.
      Type '(req: Request<ParamsDictionary, any, any, ParsedQs, Record<string, any>>, res: Response<any, Record<string, any>>) => Promise<...>' is missing the following properties from type 'Application<Record<string, any>>': init, defaultConfiguration, engine, set, and 63 more.
routes/fileRoutes.ts(21,33): error TS2769: No overload matches this call.
  The last overload gave the following error.
    Argument of type '(req: Request, res: Response) => Promise<Response<any, Record<string, any>> | undefined>' is not assignable to parameter of type 'Application<Record<string, any>>'.
      Type '(req: Request<ParamsDictionary, any, any, ParsedQs, Record<string, any>>, res: Response<any, Record<string, any>>) => Promise<...>' is missing the following properties from type 'Application<Record<string, any>>': init, defaultConfiguration, engine, set, and 63 more.

    at createTSError (/Users/alok/Projects/Hackathons/fairbnb/backend/node_modules/ts-node/src/index.ts:859:12)
    at reportTSError (/Users/alok/Projects/Hackathons/fairbnb/backend/node_modules/ts-node/src/index.ts:863:19)
    at getOutput (/Users/alok/Projects/Hackathons/fairbnb/backend/node_modules/ts-node/src/index.ts:1077:36)
    at Object.compile (/Users/alok/Projects/Hackathons/fairbnb/backend/node_modules/ts-node/src/index.ts:1433:41)
    at Module.m._compile (/Users/alok/Projects/Hackathons/fairbnb/backend/node_modules/ts-node/src/index.ts:1617:30)
    at node:internal/modules/cjs/loader:1689:10
    at Object.require.extensions.<computed> [as .ts] (/Users/alok/Projects/Hackathons/fairbnb/backend/node_modules/ts-node/src/index.ts:1621:12)
    at Module.load (node:internal/modules/cjs/loader:1318:32)
    at Function._load (node:internal/modules/cjs/loader:1128:12)
    at TracingChannel.traceSync (node:diagnostics_channel:315:14) {
  diagnosticCodes: [ 2769, 2769, 2769, 2769, 2769 ]
}
[31m[nodemon] app crashed - waiting for file changes before starting...[39m
[32m[nodemon] restarting due to changes...[39m
[32m[nodemon] starting `ts-node index.ts src/index.ts`[39m
[32m[nodemon] restarting due to changes...[39m
[32m[nodemon] starting `ts-node index.ts src/index.ts`[39m
/Users/alok/Projects/Hackathons/fairbnb/backend/node_modules/ts-node/src/index.ts:859
    return new TSError(diagnosticText, diagnosticCodes, diagnostics);
           ^
TSError: тип Unable to compile TypeScript:
routes/fileRoutes.ts(15,47): error TS2769: No overload matches this call.
  The last overload gave the following error.
    Argument of type '(req: MulterRequest, res: Response) => Promise<Response<any, Record<string, any>> | undefined>' is not assignable to parameter of type 'RequestHandlerParams<ParamsDictionary, any, any, ParsedQs, Record<string, any>>'.
      Type '(req: MulterRequest, res: Response) => Promise<Response<any, Record<string, any>> | undefined>' is not assignable to type 'RequestHandler<ParamsDictionary, any, any, ParsedQs, Record<string, any>>'.
        Type 'Promise<Response<any, Record<string, any>> | undefined>' is not assignable to type 'void | Promise<void>'.
          Type 'Promise<Response<any, Record<string, any>> | undefined>' is not assignable to type 'Promise<void>'.
            Type 'Response<any, Record<string, any>> | undefined' is not assignable to type 'void'.
              Type 'Response<any, Record<string, any>>' is not assignable to type 'void'.
routes/fileRoutes.ts(16,60): error TS2769: No overload matches this call.
  The last overload gave the following error.
    Argument of type '(req: Request, res: Response) => Promise<Response<any, Record<string, any>> | undefined>' is not assignable to parameter of type 'RequestHandlerParams<ParamsDictionary, any, any, ParsedQs, Record<string, any>>'.
      Type '(req: Request, res: Response) => Promise<Response<any, Record<string, any>> | undefined>' is not assignable to type 'RequestHandler<ParamsDictionary, any, any, ParsedQs, Record<string, any>>'.
        Type 'Promise<Response<any, Record<string, any>> | undefined>' is not assignable to type 'void | Promise<void>'.
          Type 'Promise<Response<any, Record<string, any>> | undefined>' is not assignable to type 'Promise<void>'.
            Type 'Response<any, Record<string, any>> | undefined' is not assignable to type 'void'.
              Type 'Response<any, Record<string, any>>' is not assignable to type 'void'.
routes/fileRoutes.ts(19,26): error TS2769: No overload matches this call.
  The last overload gave the following error.
    Argument of type '(req: Request, res: Response) => Promise<Response<any, Record<string, any>> | undefined>' is not assignable to parameter of type 'Application<Record<string, any>>'.
      Type '(req: Request<ParamsDictionary, any, any, ParsedQs, Record<string, any>>, res: Response<any, Record<string, any>>) => Promise<...>' is missing the following properties from type 'Application<Record<string, any>>': init, defaultConfiguration, engine, set, and 63 more.
routes/fileRoutes.ts(20,31): error TS2769: No overload matches this call.
  The last overload gave the following error.
    Argument of type '(req: Request, res: Response) => Promise<Response<any, Record<string, any>> | undefined>' is not assignable to parameter of type 'Application<Record<string, any>>'.
      Type '(req: Request<ParamsDictionary, any, any, ParsedQs, Record<string, any>>, res: Response<any, Record<string, any>>) => Promise<...>' is missing the following properties from type 'Application<Record<string, any>>': init, defaultConfiguration, engine, set, and 63 more.
routes/fileRoutes.ts(21,33): error TS2769: No overload matches this call.
  The last overload gave the following error.
    Argument of type '(req: Request, res: Response) => Promise<Response<any, Record<string, any>> | undefined>' is not assignable to parameter of type 'Application<Record<string, any>>'.
      Type '(req: Request<ParamsDictionary, any, any, ParsedQs, Record<string, any>>, res: Response<any, Record<string, any>>) => Promise<...>' is missing the following properties from type 'Application<Record<string, any>>': init, defaultConfiguration, engine, set, and 63 more.

    at createTSError (/Users/alok/Projects/Hackathons/fairbnb/backend/node_modules/ts-node/src/index.ts:859:12)
    at reportTSError (/Users/alok/Projects/Hackathons/fairbnb/backend/node_modules/ts-node/src/index.ts:863:19)
    at getOutput (/Users/alok/Projects/Hackathons/fairbnb/backend/node_modules/ts-node/src/index.ts:1077:36)
    at Object.compile (/Users/alok/Projects/Hackathons/fairbnb/backend/node_modules/ts-node/src/index.ts:1433:41)
    at Module.m._compile (/Users/alok/Projects/Hackathons/fairbnb/backend/node_modules/ts-node/src/index.ts:1617:30)
    at node:internal/modules/cjs/loader:1689:10
    at Object.require.extensions.<computed> [as .ts] (/Users/alok/Projects/Hackathons/fairbnb/backend/node_modules/ts-node/src/index.ts:1621:12)
    at Module.load (node:internal/modules/cjs/loader:1318:32)
    at Function._load (node:internal/modules/cjs/loader:1128:12)
    at TracingChannel.traceSync (node:diagnostics_channel:315:14) {
  diagnosticCodes: [ 2769, 2769, 2769, 2769, 2769 ]
}
[31m[nodemon] app crashed - waiting for file changes before starting...[39m
[32m[nodemon] restarting due to changes...[39m
[32m[nodemon] starting `ts-node index.ts src/index.ts`[39m
/Users/alok/Projects/Hackathons/fairbnb/backend/node_modules/ts-node/src/index.ts:859
    return new TSError(diagnosticText, diagnosticCodes, diagnostics);
           ^
TSError: тип Unable to compile TypeScript:
routes/fileRoutes.ts(15,47): error TS2769: No overload matches this call.
  The last overload gave the following error.
    Argument of type '(req: MulterRequest, res: Response) => Promise<Response<any, Record<string, any>> | undefined>' is not assignable to parameter of type 'RequestHandlerParams<ParamsDictionary, any, any, ParsedQs, Record<string, any>>'.
      Type '(req: MulterRequest, res: Response) => Promise<Response<any, Record<string, any>> | undefined>' is not assignable to type 'RequestHandler<ParamsDictionary, any, any, ParsedQs, Record<string, any>>'.
        Type 'Promise<Response<any, Record<string, any>> | undefined>' is not assignable to type 'void | Promise<void>'.
          Type 'Promise<Response<any, Record<string, any>> | undefined>' is not assignable to type 'Promise<void>'.
            Type 'Response<any, Record<string, any>> | undefined' is not assignable to type 'void'.
              Type 'Response<any, Record<string, any>>' is not assignable to type 'void'.
routes/fileRoutes.ts(16,60): error TS2769: No overload matches this call.
  The last overload gave the following error.
    Argument of type '(req: MulterMultipleRequest, res: Response) => Promise<Response<any, Record<string, any>> | undefined>' is not assignable to parameter of type 'RequestHandlerParams<ParamsDictionary, any, any, ParsedQs, Record<string, any>>'.
      Type '(req: MulterMultipleRequest, res: Response) => Promise<Response<any, Record<string, any>> | undefined>' is not assignable to type 'RequestHandler<ParamsDictionary, any, any, ParsedQs, Record<string, any>>'.
        Types of parameters 'req' and 'req' are incompatible.
          Type 'Request<ParamsDictionary, any, any, ParsedQs, Record<string, any>>' is not assignable to type 'MulterMultipleRequest'.
            Types of property 'files' are incompatible.
              Type '{ [fieldname: string]: File[]; } | File[] | undefined' is not assignable to type 'File[] | undefined'.
                Type '{ [fieldname: string]: File[]; }' is missing the following properties from type 'File[]': length, pop, push, concat, and 29 more.
routes/fileRoutes.ts(19,26): error TS2769: No overload matches this call.
  The last overload gave the following error.
    Argument of type '(req: Request, res: Response) => Promise<Response<any, Record<string, any>> | undefined>' is not assignable to parameter of type 'Application<Record<string, any>>'.
      Type '(req: Request<ParamsDictionary, any, any, ParsedQs, Record<string, any>>, res: Response<any, Record<string, any>>) => Promise<...>' is missing the following properties from type 'Application<Record<string, any>>': init, defaultConfiguration, engine, set, and 63 more.
routes/fileRoutes.ts(20,31): error TS2769: No overload matches this call.
  The last overload gave the following error.
    Argument of type '(req: Request, res: Response) => Promise<Response<any, Record<string, any>> | undefined>' is not assignable to parameter of type 'Application<Record<string, any>>'.
      Type '(req: Request<ParamsDictionary, any, any, ParsedQs, Record<string, any>>, res: Response<any, Record<string, any>>) => Promise<...>' is missing the following properties from type 'Application<Record<string, any>>': init, defaultConfiguration, engine, set, and 63 more.
routes/fileRoutes.ts(21,33): error TS2769: No overload matches this call.
  The last overload gave the following error.
    Argument of type '(req: Request, res: Response) => Promise<Response<any, Record<string, any>> | undefined>' is not assignable to parameter of type 'Application<Record<string, any>>'.
      Type '(req: Request<ParamsDictionary, any, any, ParsedQs, Record<string, any>>, res: Response<any, Record<string, any>>) => Promise<...>' is missing the following properties from type 'Application<Record<string, any>>': init, defaultConfiguration, engine, set, and 63 more.

    at createTSError (/Users/alok/Projects/Hackathons/fairbnb/backend/node_modules/ts-node/src/index.ts:859:12)
    at reportTSError (/Users/alok/Projects/Hackathons/fairbnb/backend/node_modules/ts-node/src/index.ts:863:19)
    at getOutput (/Users/alok/Projects/Hackathons/fairbnb/backend/node_modules/ts-node/src/index.ts:1077:36)
    at Object.compile (/Users/alok/Projects/Hackathons/fairbnb/backend/node_modules/ts-node/src/index.ts:1433:41)
    at Module.m._compile (/Users/alok/Projects/Hackathons/fairbnb/backend/node_modules/ts-node/src/index.ts:1617:30)
    at node:internal/modules/cjs/loader:1689:10
    at Object.require.extensions.<computed> [as .ts] (/Users/alok/Projects/Hackathons/fairbnb/backend/node_modules/ts-node/src/index.ts:1621:12)
    at Module.load (node:internal/modules/cjs/loader:1318:32)
    at Function._load (node:internal/modules/cjs/loader:1128:12)
    at TracingChannel.traceSync (node:diagnostics_channel:315:14) {
  diagnosticCodes: [ 2769, 2769, 2769, 2769, 2769 ]
}
[31m[nodemon] app crashed - waiting for file changes before starting...[39m
